<?xml version="1.0" encoding="UTF-8" ?>
<testsuite tests="6" failures="0" name="com.likhitha.calculator.calculator.CalculatorTest" time="0.014" errors="0" skipped="0">
  <properties>
[...]
</properties>
  <testcase classname="com.likhitha.calculator.calculator.CalculatorTest" name="test[0]" time="0.012"/>
  <testcase classname="com.likhitha.calculator.calculator.CalculatorTest" name="test[1]" time="0"/>
  <testcase classname="com.likhitha.calculator.calculator.CalculatorTest" name="test[2]" time="0.001"/>
  <testcase classname="com.likhitha.calculator.calculator.CalculatorTest" name="test[3]" time="0.001"/>
  <testcase classname="com.likhitha.calculator.calculator.CalculatorTest" name="test[4]" time="0"/>
  <testcase classname="com.likhitha.calculator.calculator.CalculatorTest" name="test[5]" time="0"/>
</testsuite>